0 info it worked if it ends with ok
1 verbose cli [ 'C:\\Program Files\\nodejs\\node.exe',
1 verbose cli   'C:\\Program Files\\nodejs\\node_modules\\npm\\bin\\npm-cli.js',
1 verbose cli   'install',
1 verbose cli   'grunt-cli' ]
2 info using npm@3.8.6
3 info using node@v6.0.0
4 silly loadCurrentTree Starting
5 silly install loadCurrentTree
6 silly install readLocalPackageData
7 silly fetchPackageMetaData grunt-cli
8 silly fetchNamedPackageData grunt-cli
9 silly mapToRegistry name grunt-cli
10 silly mapToRegistry using default registry
11 silly mapToRegistry registry https://registry.npmjs.org/
12 silly mapToRegistry data Result {
12 silly mapToRegistry   raw: 'grunt-cli',
12 silly mapToRegistry   scope: null,
12 silly mapToRegistry   name: 'grunt-cli',
12 silly mapToRegistry   rawSpec: '',
12 silly mapToRegistry   spec: 'latest',
12 silly mapToRegistry   type: 'tag' }
13 silly mapToRegistry uri https://registry.npmjs.org/grunt-cli
14 verbose request uri https://registry.npmjs.org/grunt-cli
15 verbose request no auth needed
16 info attempt registry request try #1 at 21:40:44
17 verbose request id 7b1cfcd8396fbcc7
18 verbose etag "4TFBYKXCD95BK64I4GZUHSZAP"
19 http request GET https://registry.npmjs.org/grunt-cli
20 http 304 https://registry.npmjs.org/grunt-cli
21 verbose headers { date: 'Tue, 21 Jun 2016 13:40:14 GMT',
21 verbose headers   via: '1.1 varnish',
21 verbose headers   'cache-control': 'max-age=300',
21 verbose headers   etag: '"4TFBYKXCD95BK64I4GZUHSZAP"',
21 verbose headers   age: '270',
21 verbose headers   connection: 'keep-alive',
21 verbose headers   'x-served-by': 'cache-lcy1132-LCY',
21 verbose headers   'x-cache': 'HIT',
21 verbose headers   'x-cache-hits': '4',
21 verbose headers   'x-timer': 'S1466516414.291206,VS0,VE0',
21 verbose headers   vary: 'Accept-Encoding' }
22 silly get cb [ 304,
22 silly get   { date: 'Tue, 21 Jun 2016 13:40:14 GMT',
22 silly get     via: '1.1 varnish',
22 silly get     'cache-control': 'max-age=300',
22 silly get     etag: '"4TFBYKXCD95BK64I4GZUHSZAP"',
22 silly get     age: '270',
22 silly get     connection: 'keep-alive',
22 silly get     'x-served-by': 'cache-lcy1132-LCY',
22 silly get     'x-cache': 'HIT',
22 silly get     'x-cache-hits': '4',
22 silly get     'x-timer': 'S1466516414.291206,VS0,VE0',
22 silly get     vary: 'Accept-Encoding' } ]
23 verbose etag https://registry.npmjs.org/grunt-cli from cache
24 verbose get saving grunt-cli to C:\Users\Administrator\AppData\Roaming\npm-cache\registry.npmjs.org\grunt-cli\.cache.json
25 verbose correctMkdir C:\Users\Administrator\AppData\Roaming\npm-cache correctMkdir not in flight; initializing
26 silly install normalizeTree
27 silly loadCurrentTree Finishing
28 silly loadIdealTree Starting
29 silly install loadIdealTree
30 silly cloneCurrentTree Starting
31 silly install cloneCurrentTreeToIdealTree
32 silly cloneCurrentTree Finishing
33 silly loadShrinkwrap Starting
34 silly install loadShrinkwrap
35 silly loadShrinkwrap Finishing
36 silly loadAllDepsIntoIdealTree Starting
37 silly install loadAllDepsIntoIdealTree
38 silly resolveWithNewModule grunt-cli@1.2.0 checking installable status
39 silly cache add args [ 'grunt-cli', null ]
40 verbose cache add spec grunt-cli
41 silly cache add parsed spec Result {
41 silly cache add   raw: 'grunt-cli',
41 silly cache add   scope: null,
41 silly cache add   name: 'grunt-cli',
41 silly cache add   rawSpec: '',
41 silly cache add   spec: 'latest',
41 silly cache add   type: 'tag' }
42 silly addNamed grunt-cli@latest
43 verbose addNamed "latest" is being treated as a dist-tag for grunt-cli
44 info addNameTag [ 'grunt-cli', 'latest' ]
45 silly mapToRegistry name grunt-cli
46 silly mapToRegistry using default registry
47 silly mapToRegistry registry https://registry.npmjs.org/
48 silly mapToRegistry data Result {
48 silly mapToRegistry   raw: 'grunt-cli',
48 silly mapToRegistry   scope: null,
48 silly mapToRegistry   name: 'grunt-cli',
48 silly mapToRegistry   rawSpec: '',
48 silly mapToRegistry   spec: 'latest',
48 silly mapToRegistry   type: 'tag' }
49 silly mapToRegistry uri https://registry.npmjs.org/grunt-cli
50 verbose addNameTag registry:https://registry.npmjs.org/grunt-cli not in flight; fetching
51 verbose get https://registry.npmjs.org/grunt-cli not expired, no request
52 silly addNameTag next cb for grunt-cli with tag latest
53 silly addNamed grunt-cli@1.2.0
54 verbose addNamed "1.2.0" is a plain semver version for grunt-cli
55 silly cache afterAdd grunt-cli@1.2.0
56 verbose afterAdd C:\Users\Administrator\AppData\Roaming\npm-cache\grunt-cli\1.2.0\package\package.json not in flight; writing
57 verbose correctMkdir C:\Users\Administrator\AppData\Roaming\npm-cache correctMkdir not in flight; initializing
58 verbose afterAdd C:\Users\Administrator\AppData\Roaming\npm-cache\grunt-cli\1.2.0\package\package.json written
59 silly loadAllDepsIntoIdealTree Finishing
60 silly idealTree:prePrune bootstrap@3.3.6
60 silly idealTree:prePrune +-- abbrev@1.0.9
60 silly idealTree:prePrune +-- balanced-match@0.4.1
60 silly idealTree:prePrune +-- brace-expansion@1.1.5
60 silly idealTree:prePrune +-- concat-map@0.0.1
60 silly idealTree:prePrune +-- findup-sync@0.3.0
60 silly idealTree:prePrune +-- glob@5.0.15
60 silly idealTree:prePrune +-- grunt-cli@1.2.0
60 silly idealTree:prePrune +-- grunt-known-options@1.1.0
60 silly idealTree:prePrune +-- inflight@1.0.5
60 silly idealTree:prePrune +-- inherits@2.0.1
60 silly idealTree:prePrune +-- minimatch@3.0.2
60 silly idealTree:prePrune +-- nopt@3.0.6
60 silly idealTree:prePrune +-- once@1.3.3
60 silly idealTree:prePrune +-- path-is-absolute@1.0.0
60 silly idealTree:prePrune +-- resolve@1.1.7
60 silly idealTree:prePrune `-- wrappy@1.0.2
61 silly loadIdealTree Finishing
62 silly currentTree bootstrap@3.3.6
62 silly currentTree +-- abbrev@1.0.9
62 silly currentTree +-- balanced-match@0.4.1
62 silly currentTree +-- brace-expansion@1.1.5
62 silly currentTree +-- concat-map@0.0.1
62 silly currentTree +-- findup-sync@0.3.0
62 silly currentTree +-- glob@5.0.15
62 silly currentTree +-- grunt-known-options@1.1.0
62 silly currentTree +-- inflight@1.0.5
62 silly currentTree +-- inherits@2.0.1
62 silly currentTree +-- minimatch@3.0.2
62 silly currentTree +-- nopt@3.0.6
62 silly currentTree +-- once@1.3.3
62 silly currentTree +-- path-is-absolute@1.0.0
62 silly currentTree +-- resolve@1.1.7
62 silly currentTree `-- wrappy@1.0.2
63 silly idealTree bootstrap@3.3.6
63 silly idealTree +-- abbrev@1.0.9
63 silly idealTree +-- balanced-match@0.4.1
63 silly idealTree +-- brace-expansion@1.1.5
63 silly idealTree +-- concat-map@0.0.1
63 silly idealTree +-- findup-sync@0.3.0
63 silly idealTree +-- glob@5.0.15
63 silly idealTree +-- grunt-cli@1.2.0
63 silly idealTree +-- grunt-known-options@1.1.0
63 silly idealTree +-- inflight@1.0.5
63 silly idealTree +-- inherits@2.0.1
63 silly idealTree +-- minimatch@3.0.2
63 silly idealTree +-- nopt@3.0.6
63 silly idealTree +-- once@1.3.3
63 silly idealTree +-- path-is-absolute@1.0.0
63 silly idealTree +-- resolve@1.1.7
63 silly idealTree `-- wrappy@1.0.2
64 silly generateActionsToTake Starting
65 silly install generateActionsToTake
66 silly generateActionsToTake Finishing
67 silly diffTrees action count 2
68 silly diffTrees update bootstrap@3.3.6
69 silly diffTrees add grunt-cli@1.2.0
70 silly decomposeActions action count 16
71 silly decomposeActions fetch bootstrap@3.3.6
72 silly decomposeActions extract bootstrap@3.3.6
73 silly decomposeActions test bootstrap@3.3.6
74 silly decomposeActions preinstall bootstrap@3.3.6
75 silly decomposeActions build bootstrap@3.3.6
76 silly decomposeActions install bootstrap@3.3.6
77 silly decomposeActions postinstall bootstrap@3.3.6
78 silly decomposeActions finalize bootstrap@3.3.6
79 silly decomposeActions fetch grunt-cli@1.2.0
80 silly decomposeActions extract grunt-cli@1.2.0
81 silly decomposeActions test grunt-cli@1.2.0
82 silly decomposeActions preinstall grunt-cli@1.2.0
83 silly decomposeActions build grunt-cli@1.2.0
84 silly decomposeActions install grunt-cli@1.2.0
85 silly decomposeActions postinstall grunt-cli@1.2.0
86 silly decomposeActions finalize grunt-cli@1.2.0
87 silly executeActions Starting
88 silly install executeActions
89 silly doSerial global-install 0
90 silly doParallel fetch 2
91 verbose correctMkdir C:\Users\Administrator\AppData\Roaming\npm-cache\_locks correctMkdir not in flight; initializing
92 verbose lock using C:\Users\Administrator\AppData\Roaming\npm-cache\_locks\staging-c62a598837d6b4aa.lock for D:\CODING\learn-notes\bootstrap\boots-advanced\node_modules\.staging
93 silly doParallel extract 2
94 silly extract bootstrap@3.3.6
95 silly extract grunt-cli@1.2.0
96 verbose unbuild node_modules\.staging\bootstrap-9664b4d5
97 verbose unbuild node_modules\.staging\grunt-cli-06d21b2e
98 silly gentlyRm D:\CODING\learn-notes\bootstrap\boots-advanced\node_modules\.staging\bootstrap-9664b4d5 is being purged from base D:\CODING\learn-notes\bootstrap\boots-advanced
99 verbose gentlyRm don't care about contents; nuking D:\CODING\learn-notes\bootstrap\boots-advanced\node_modules\.staging\bootstrap-9664b4d5
100 verbose tar unpack C:\Users\Administrator\AppData\Roaming\npm-cache\bootstrap\3.3.6\package.tgz
101 verbose tar unpacking to D:\CODING\learn-notes\bootstrap\boots-advanced\node_modules\.staging\bootstrap-9664b4d5
102 silly gentlyRm D:\CODING\learn-notes\bootstrap\boots-advanced\node_modules\.staging\bootstrap-9664b4d5 is being purged
103 verbose gentlyRm don't care about contents; nuking D:\CODING\learn-notes\bootstrap\boots-advanced\node_modules\.staging\bootstrap-9664b4d5
104 silly gentlyRm D:\CODING\learn-notes\bootstrap\boots-advanced\node_modules\.staging\grunt-cli-06d21b2e is being purged from base D:\CODING\learn-notes\bootstrap\boots-advanced
105 verbose gentlyRm don't care about contents; nuking D:\CODING\learn-notes\bootstrap\boots-advanced\node_modules\.staging\grunt-cli-06d21b2e
106 silly gunzTarPerm modes [ '777', '666' ]
107 verbose tar unpack C:\Users\Administrator\AppData\Roaming\npm-cache\grunt-cli\1.2.0\package.tgz
108 verbose tar unpacking to D:\CODING\learn-notes\bootstrap\boots-advanced\node_modules\.staging\grunt-cli-06d21b2e
109 silly gentlyRm D:\CODING\learn-notes\bootstrap\boots-advanced\node_modules\.staging\grunt-cli-06d21b2e is being purged
110 verbose gentlyRm don't care about contents; nuking D:\CODING\learn-notes\bootstrap\boots-advanced\node_modules\.staging\grunt-cli-06d21b2e
111 silly gunzTarPerm modes [ '777', '666' ]
112 silly gunzTarPerm extractEntry package.json
113 silly gunzTarPerm modified mode [ 'package.json', 420, 438 ]
114 silly gunzTarPerm extractEntry package.json
115 silly gunzTarPerm modified mode [ 'package.json', 420, 438 ]
116 silly gunzTarPerm extractEntry README.md
117 silly gunzTarPerm modified mode [ 'README.md', 420, 438 ]
118 silly gunzTarPerm extractEntry LICENSE
119 silly gunzTarPerm modified mode [ 'LICENSE', 420, 438 ]
120 silly gunzTarPerm extractEntry README.md
121 silly gunzTarPerm modified mode [ 'README.md', 420, 438 ]
122 silly gunzTarPerm extractEntry CHANGELOG.md
123 silly gunzTarPerm modified mode [ 'CHANGELOG.md', 420, 438 ]
124 silly gunzTarPerm extractEntry Gruntfile.js
125 silly gunzTarPerm modified mode [ 'Gruntfile.js', 420, 438 ]
126 silly gunzTarPerm extractEntry bin/grunt
127 silly gunzTarPerm modified mode [ 'bin/grunt', 493, 511 ]
128 silly gunzTarPerm extractEntry completion/bash
129 silly gunzTarPerm modified mode [ 'completion/bash', 493, 511 ]
130 silly gunzTarPerm extractEntry CHANGELOG.md
131 silly gunzTarPerm modified mode [ 'CHANGELOG.md', 420, 438 ]
132 silly gunzTarPerm extractEntry dist/css/bootstrap-theme.css
133 silly gunzTarPerm modified mode [ 'dist/css/bootstrap-theme.css', 420, 438 ]
134 silly gunzTarPerm extractEntry dist/css/bootstrap-theme.css.map
135 silly gunzTarPerm modified mode [ 'dist/css/bootstrap-theme.css.map', 420, 438 ]
136 silly gunzTarPerm extractEntry completion/zsh
137 silly gunzTarPerm modified mode [ 'completion/zsh', 493, 511 ]
138 silly gunzTarPerm extractEntry lib/cli.js
139 silly gunzTarPerm modified mode [ 'lib/cli.js', 420, 438 ]
140 silly gunzTarPerm extractEntry dist/css/bootstrap-theme.min.css
141 silly gunzTarPerm modified mode [ 'dist/css/bootstrap-theme.min.css', 420, 438 ]
142 silly gunzTarPerm extractEntry dist/css/bootstrap-theme.min.css.map
143 silly gunzTarPerm modified mode [ 'dist/css/bootstrap-theme.min.css.map', 420, 438 ]
144 silly gunzTarPerm extractEntry lib/completion.js
145 silly gunzTarPerm modified mode [ 'lib/completion.js', 420, 438 ]
146 silly gunzTarPerm extractEntry lib/info.js
147 silly gunzTarPerm modified mode [ 'lib/info.js', 420, 438 ]
148 silly gunzTarPerm extractEntry dist/css/bootstrap.css
149 silly gunzTarPerm modified mode [ 'dist/css/bootstrap.css', 420, 438 ]
150 silly gunzTarPerm extractEntry dist/css/bootstrap.css.map
151 silly gunzTarPerm modified mode [ 'dist/css/bootstrap.css.map', 420, 438 ]
152 silly gunzTarPerm extractEntry dist/css/bootstrap.min.css
153 silly gunzTarPerm modified mode [ 'dist/css/bootstrap.min.css', 420, 438 ]
154 silly gunzTarPerm extractEntry dist/css/bootstrap.min.css.map
155 silly gunzTarPerm modified mode [ 'dist/css/bootstrap.min.css.map', 420, 438 ]
156 silly gunzTarPerm extractEntry dist/fonts/glyphicons-halflings-regular.eot
157 silly gunzTarPerm modified mode [ 'dist/fonts/glyphicons-halflings-regular.eot', 420, 438 ]
158 silly gunzTarPerm extractEntry dist/fonts/glyphicons-halflings-regular.svg
159 silly gunzTarPerm modified mode [ 'dist/fonts/glyphicons-halflings-regular.svg', 420, 438 ]
160 silly gunzTarPerm extractEntry dist/fonts/glyphicons-halflings-regular.ttf
161 silly gunzTarPerm modified mode [ 'dist/fonts/glyphicons-halflings-regular.ttf', 420, 438 ]
162 silly gunzTarPerm extractEntry dist/fonts/glyphicons-halflings-regular.woff
163 silly gunzTarPerm modified mode [ 'dist/fonts/glyphicons-halflings-regular.woff', 420, 438 ]
164 silly gunzTarPerm extractEntry dist/fonts/glyphicons-halflings-regular.woff2
165 silly gunzTarPerm modified mode [ 'dist/fonts/glyphicons-halflings-regular.woff2', 420, 438 ]
166 silly gunzTarPerm extractEntry dist/js/bootstrap.js
167 silly gunzTarPerm modified mode [ 'dist/js/bootstrap.js', 420, 438 ]
168 silly gunzTarPerm extractEntry dist/js/bootstrap.min.js
169 silly gunzTarPerm modified mode [ 'dist/js/bootstrap.min.js', 420, 438 ]
170 silly gunzTarPerm extractEntry dist/js/npm.js
171 silly gunzTarPerm modified mode [ 'dist/js/npm.js', 420, 438 ]
172 silly gunzTarPerm extractEntry fonts/glyphicons-halflings-regular.eot
173 silly gunzTarPerm modified mode [ 'fonts/glyphicons-halflings-regular.eot', 420, 438 ]
174 silly gunzTarPerm extractEntry fonts/glyphicons-halflings-regular.svg
175 silly gunzTarPerm modified mode [ 'fonts/glyphicons-halflings-regular.svg', 420, 438 ]
176 silly gunzTarPerm extractEntry fonts/glyphicons-halflings-regular.ttf
177 silly gunzTarPerm modified mode [ 'fonts/glyphicons-halflings-regular.ttf', 420, 438 ]
178 silly gunzTarPerm extractEntry fonts/glyphicons-halflings-regular.woff
179 silly gunzTarPerm modified mode [ 'fonts/glyphicons-halflings-regular.woff', 420, 438 ]
180 silly gunzTarPerm extractEntry fonts/glyphicons-halflings-regular.woff2
181 silly gunzTarPerm modified mode [ 'fonts/glyphicons-halflings-regular.woff2', 420, 438 ]
182 silly gentlyRm D:\CODING\learn-notes\bootstrap\boots-advanced\node_modules\.staging\grunt-cli-06d21b2e\node_modules is being purged
183 verbose gentlyRm don't care about contents; nuking D:\CODING\learn-notes\bootstrap\boots-advanced\node_modules\.staging\grunt-cli-06d21b2e\node_modules
184 silly gunzTarPerm extractEntry grunt/bs-commonjs-generator.js
185 silly gunzTarPerm modified mode [ 'grunt/bs-commonjs-generator.js', 420, 438 ]
186 silly gunzTarPerm extractEntry grunt/bs-glyphicons-data-generator.js
187 silly gunzTarPerm modified mode [ 'grunt/bs-glyphicons-data-generator.js', 420, 438 ]
188 silly gunzTarPerm extractEntry grunt/bs-lessdoc-parser.js
189 silly gunzTarPerm modified mode [ 'grunt/bs-lessdoc-parser.js', 420, 438 ]
190 silly gunzTarPerm extractEntry grunt/bs-raw-files-generator.js
191 silly gunzTarPerm modified mode [ 'grunt/bs-raw-files-generator.js', 420, 438 ]
192 silly gunzTarPerm extractEntry grunt/.jshintrc
193 silly gunzTarPerm modified mode [ 'grunt/.jshintrc', 420, 438 ]
194 silly gunzTarPerm extractEntry grunt/configBridge.json
195 silly gunzTarPerm modified mode [ 'grunt/configBridge.json', 420, 438 ]
196 silly gunzTarPerm extractEntry grunt/sauce_browsers.yml
197 silly gunzTarPerm modified mode [ 'grunt/sauce_browsers.yml', 420, 438 ]
198 silly gunzTarPerm extractEntry js/affix.js
199 silly gunzTarPerm modified mode [ 'js/affix.js', 420, 438 ]
200 silly gunzTarPerm extractEntry js/button.js
201 silly gunzTarPerm modified mode [ 'js/button.js', 420, 438 ]
202 silly gunzTarPerm extractEntry js/carousel.js
203 silly gunzTarPerm modified mode [ 'js/carousel.js', 420, 438 ]
204 silly gunzTarPerm extractEntry js/collapse.js
205 silly gunzTarPerm modified mode [ 'js/collapse.js', 420, 438 ]
206 silly gunzTarPerm extractEntry js/dropdown.js
207 silly gunzTarPerm modified mode [ 'js/dropdown.js', 420, 438 ]
208 silly gunzTarPerm extractEntry js/alert.js
209 silly gunzTarPerm modified mode [ 'js/alert.js', 420, 438 ]
210 silly gunzTarPerm extractEntry js/popover.js
211 silly gunzTarPerm modified mode [ 'js/popover.js', 420, 438 ]
212 silly gunzTarPerm extractEntry js/scrollspy.js
213 silly gunzTarPerm modified mode [ 'js/scrollspy.js', 420, 438 ]
214 silly gunzTarPerm extractEntry js/tab.js
215 silly gunzTarPerm modified mode [ 'js/tab.js', 420, 438 ]
216 silly gunzTarPerm extractEntry js/tooltip.js
217 silly gunzTarPerm modified mode [ 'js/tooltip.js', 420, 438 ]
218 silly gunzTarPerm extractEntry js/transition.js
219 silly gunzTarPerm modified mode [ 'js/transition.js', 420, 438 ]
220 silly gunzTarPerm extractEntry js/modal.js
221 silly gunzTarPerm modified mode [ 'js/modal.js', 420, 438 ]
222 silly gunzTarPerm extractEntry less/mixins.less
223 silly gunzTarPerm modified mode [ 'less/mixins.less', 420, 438 ]
224 silly gunzTarPerm extractEntry less/alerts.less
225 silly gunzTarPerm modified mode [ 'less/alerts.less', 420, 438 ]
226 silly gunzTarPerm extractEntry less/badges.less
227 silly gunzTarPerm modified mode [ 'less/badges.less', 420, 438 ]
228 silly gunzTarPerm extractEntry less/bootstrap.less
229 silly gunzTarPerm modified mode [ 'less/bootstrap.less', 420, 438 ]
230 silly gunzTarPerm extractEntry less/breadcrumbs.less
231 silly gunzTarPerm modified mode [ 'less/breadcrumbs.less', 420, 438 ]
232 silly gunzTarPerm extractEntry less/button-groups.less
233 silly gunzTarPerm modified mode [ 'less/button-groups.less', 420, 438 ]
234 silly gunzTarPerm extractEntry less/buttons.less
235 silly gunzTarPerm modified mode [ 'less/buttons.less', 420, 438 ]
236 silly gunzTarPerm extractEntry less/carousel.less
237 silly gunzTarPerm modified mode [ 'less/carousel.less', 420, 438 ]
238 silly gunzTarPerm extractEntry less/close.less
239 silly gunzTarPerm modified mode [ 'less/close.less', 420, 438 ]
240 silly gunzTarPerm extractEntry less/code.less
241 silly gunzTarPerm modified mode [ 'less/code.less', 420, 438 ]
242 silly gunzTarPerm extractEntry less/component-animations.less
243 silly gunzTarPerm modified mode [ 'less/component-animations.less', 420, 438 ]
244 silly gunzTarPerm extractEntry less/dropdowns.less
245 silly gunzTarPerm modified mode [ 'less/dropdowns.less', 420, 438 ]
246 silly gunzTarPerm extractEntry less/forms.less
247 silly gunzTarPerm modified mode [ 'less/forms.less', 420, 438 ]
248 silly gunzTarPerm extractEntry less/glyphicons.less
249 silly gunzTarPerm modified mode [ 'less/glyphicons.less', 420, 438 ]
250 silly gunzTarPerm extractEntry less/grid.less
251 silly gunzTarPerm modified mode [ 'less/grid.less', 420, 438 ]
252 silly gunzTarPerm extractEntry less/input-groups.less
253 silly gunzTarPerm modified mode [ 'less/input-groups.less', 420, 438 ]
254 silly gunzTarPerm extractEntry less/jumbotron.less
255 silly gunzTarPerm modified mode [ 'less/jumbotron.less', 420, 438 ]
256 silly gunzTarPerm extractEntry less/labels.less
257 silly gunzTarPerm modified mode [ 'less/labels.less', 420, 438 ]
258 silly gunzTarPerm extractEntry less/list-group.less
259 silly gunzTarPerm modified mode [ 'less/list-group.less', 420, 438 ]
260 silly gunzTarPerm extractEntry less/media.less
261 silly gunzTarPerm modified mode [ 'less/media.less', 420, 438 ]
262 silly gunzTarPerm extractEntry less/mixins/nav-vertical-align.less
263 silly gunzTarPerm modified mode [ 'less/mixins/nav-vertical-align.less', 420, 438 ]
264 silly gunzTarPerm extractEntry less/mixins/alerts.less
265 silly gunzTarPerm modified mode [ 'less/mixins/alerts.less', 420, 438 ]
266 silly gunzTarPerm extractEntry less/mixins/border-radius.less
267 silly gunzTarPerm modified mode [ 'less/mixins/border-radius.less', 420, 438 ]
268 silly gunzTarPerm extractEntry less/mixins/buttons.less
269 silly gunzTarPerm modified mode [ 'less/mixins/buttons.less', 420, 438 ]
270 silly gunzTarPerm extractEntry less/mixins/center-block.less
271 silly gunzTarPerm modified mode [ 'less/mixins/center-block.less', 420, 438 ]
272 silly gunzTarPerm extractEntry less/mixins/clearfix.less
273 silly gunzTarPerm modified mode [ 'less/mixins/clearfix.less', 420, 438 ]
274 silly gunzTarPerm extractEntry less/mixins/forms.less
275 silly gunzTarPerm modified mode [ 'less/mixins/forms.less', 420, 438 ]
276 silly gunzTarPerm extractEntry less/mixins/gradients.less
277 silly gunzTarPerm modified mode [ 'less/mixins/gradients.less', 420, 438 ]
278 silly gunzTarPerm extractEntry less/mixins/grid-framework.less
279 silly gunzTarPerm modified mode [ 'less/mixins/grid-framework.less', 420, 438 ]
280 silly gunzTarPerm extractEntry less/mixins/grid.less
281 silly gunzTarPerm modified mode [ 'less/mixins/grid.less', 420, 438 ]
282 silly gunzTarPerm extractEntry less/mixins/hide-text.less
283 silly gunzTarPerm modified mode [ 'less/mixins/hide-text.less', 420, 438 ]
284 silly gunzTarPerm extractEntry less/mixins/image.less
285 silly gunzTarPerm modified mode [ 'less/mixins/image.less', 420, 438 ]
286 silly gunzTarPerm extractEntry less/mixins/labels.less
287 silly gunzTarPerm modified mode [ 'less/mixins/labels.less', 420, 438 ]
288 silly gunzTarPerm extractEntry less/mixins/list-group.less
289 silly gunzTarPerm modified mode [ 'less/mixins/list-group.less', 420, 438 ]
290 silly gunzTarPerm extractEntry less/mixins/nav-divider.less
291 silly gunzTarPerm modified mode [ 'less/mixins/nav-divider.less', 420, 438 ]
292 silly gunzTarPerm extractEntry less/mixins/background-variant.less
293 silly gunzTarPerm modified mode [ 'less/mixins/background-variant.less', 420, 438 ]
294 silly gunzTarPerm extractEntry less/mixins/opacity.less
295 silly gunzTarPerm modified mode [ 'less/mixins/opacity.less', 420, 438 ]
296 silly gunzTarPerm extractEntry less/mixins/pagination.less
297 silly gunzTarPerm modified mode [ 'less/mixins/pagination.less', 420, 438 ]
298 silly gunzTarPerm extractEntry less/mixins/panels.less
299 silly gunzTarPerm modified mode [ 'less/mixins/panels.less', 420, 438 ]
300 silly gunzTarPerm extractEntry less/mixins/progress-bar.less
301 silly gunzTarPerm modified mode [ 'less/mixins/progress-bar.less', 420, 438 ]
302 silly gunzTarPerm extractEntry less/mixins/reset-filter.less
303 silly gunzTarPerm modified mode [ 'less/mixins/reset-filter.less', 420, 438 ]
304 silly gunzTarPerm extractEntry less/mixins/reset-text.less
305 silly gunzTarPerm modified mode [ 'less/mixins/reset-text.less', 420, 438 ]
306 silly gunzTarPerm extractEntry less/mixins/resize.less
307 silly gunzTarPerm modified mode [ 'less/mixins/resize.less', 420, 438 ]
308 silly gunzTarPerm extractEntry less/mixins/responsive-visibility.less
309 silly gunzTarPerm modified mode [ 'less/mixins/responsive-visibility.less', 420, 438 ]
310 silly gunzTarPerm extractEntry less/mixins/size.less
311 silly gunzTarPerm modified mode [ 'less/mixins/size.less', 420, 438 ]
312 silly gunzTarPerm extractEntry less/mixins/tab-focus.less
313 silly gunzTarPerm modified mode [ 'less/mixins/tab-focus.less', 420, 438 ]
314 silly gunzTarPerm extractEntry less/mixins/table-row.less
315 silly gunzTarPerm modified mode [ 'less/mixins/table-row.less', 420, 438 ]
316 silly gunzTarPerm extractEntry less/mixins/text-emphasis.less
317 silly gunzTarPerm modified mode [ 'less/mixins/text-emphasis.less', 420, 438 ]
318 silly gunzTarPerm extractEntry less/mixins/text-overflow.less
319 silly gunzTarPerm modified mode [ 'less/mixins/text-overflow.less', 420, 438 ]
320 silly gunzTarPerm extractEntry less/mixins/vendor-prefixes.less
321 silly gunzTarPerm modified mode [ 'less/mixins/vendor-prefixes.less', 420, 438 ]
322 silly gunzTarPerm extractEntry less/modals.less
323 silly gunzTarPerm modified mode [ 'less/modals.less', 420, 438 ]
324 silly gunzTarPerm extractEntry less/navbar.less
325 silly gunzTarPerm modified mode [ 'less/navbar.less', 420, 438 ]
326 silly gunzTarPerm extractEntry less/navs.less
327 silly gunzTarPerm modified mode [ 'less/navs.less', 420, 438 ]
328 silly gunzTarPerm extractEntry less/normalize.less
329 silly gunzTarPerm modified mode [ 'less/normalize.less', 420, 438 ]
330 silly gunzTarPerm extractEntry less/pager.less
331 silly gunzTarPerm modified mode [ 'less/pager.less', 420, 438 ]
332 silly gunzTarPerm extractEntry less/pagination.less
333 silly gunzTarPerm modified mode [ 'less/pagination.less', 420, 438 ]
334 silly gunzTarPerm extractEntry less/panels.less
335 silly gunzTarPerm modified mode [ 'less/panels.less', 420, 438 ]
336 silly gunzTarPerm extractEntry less/popovers.less
337 silly gunzTarPerm modified mode [ 'less/popovers.less', 420, 438 ]
338 silly gunzTarPerm extractEntry less/print.less
339 silly gunzTarPerm modified mode [ 'less/print.less', 420, 438 ]
340 silly gunzTarPerm extractEntry less/progress-bars.less
341 silly gunzTarPerm modified mode [ 'less/progress-bars.less', 420, 438 ]
342 silly gunzTarPerm extractEntry less/responsive-embed.less
343 silly gunzTarPerm modified mode [ 'less/responsive-embed.less', 420, 438 ]
344 silly gunzTarPerm extractEntry less/responsive-utilities.less
345 silly gunzTarPerm modified mode [ 'less/responsive-utilities.less', 420, 438 ]
346 silly gunzTarPerm extractEntry less/scaffolding.less
347 silly gunzTarPerm modified mode [ 'less/scaffolding.less', 420, 438 ]
348 silly gunzTarPerm extractEntry less/tables.less
349 silly gunzTarPerm modified mode [ 'less/tables.less', 420, 438 ]
350 silly gunzTarPerm extractEntry less/theme.less
351 silly gunzTarPerm modified mode [ 'less/theme.less', 420, 438 ]
352 silly gunzTarPerm extractEntry less/thumbnails.less
353 silly gunzTarPerm modified mode [ 'less/thumbnails.less', 420, 438 ]
354 silly gunzTarPerm extractEntry less/tooltip.less
355 silly gunzTarPerm modified mode [ 'less/tooltip.less', 420, 438 ]
356 silly gunzTarPerm extractEntry less/type.less
357 silly gunzTarPerm modified mode [ 'less/type.less', 420, 438 ]
358 silly gunzTarPerm extractEntry less/utilities.less
359 silly gunzTarPerm modified mode [ 'less/utilities.less', 420, 438 ]
360 silly gunzTarPerm extractEntry less/variables.less
361 silly gunzTarPerm modified mode [ 'less/variables.less', 420, 438 ]
362 silly gunzTarPerm extractEntry less/wells.less
363 silly gunzTarPerm modified mode [ 'less/wells.less', 420, 438 ]
364 silly gentlyRm D:\CODING\learn-notes\bootstrap\boots-advanced\node_modules\.staging\bootstrap-9664b4d5\node_modules is being purged
365 verbose gentlyRm don't care about contents; nuking D:\CODING\learn-notes\bootstrap\boots-advanced\node_modules\.staging\bootstrap-9664b4d5\node_modules
366 silly doParallel preinstall 2
367 silly preinstall bootstrap@3.3.6 D:\CODING\learn-notes\bootstrap\boots-advanced\node_modules\.staging\bootstrap-9664b4d5
368 info lifecycle bootstrap@3.3.6~preinstall: bootstrap@3.3.6
369 silly preinstall grunt-cli@1.2.0 D:\CODING\learn-notes\bootstrap\boots-advanced\node_modules\.staging\grunt-cli-06d21b2e
370 info lifecycle grunt-cli@1.2.0~preinstall: grunt-cli@1.2.0
371 silly lifecycle bootstrap@3.3.6~preinstall: no script for preinstall, continuing
372 silly lifecycle grunt-cli@1.2.0~preinstall: no script for preinstall, continuing
373 silly doReverseSerial remove 0
374 silly doSerial move 0
375 silly doSerial finalize 2
376 silly finalize D:\CODING\learn-notes\bootstrap\boots-advanced
377 verbose unlock done using C:\Users\Administrator\AppData\Roaming\npm-cache\_locks\staging-c62a598837d6b4aa.lock for D:\CODING\learn-notes\bootstrap\boots-advanced\node_modules\.staging
378 silly rollbackFailedOptional Starting
379 silly rollbackFailedOptional Finishing
380 silly runTopLevelLifecycles Starting
381 silly runTopLevelLifecycles Finishing
382 silly install printInstalled
383 verbose stack Error: EBUSY: resource busy or locked, rename 'D:\CODING\learn-notes\bootstrap\boots-advanced' -> 'D:\CODING\learn-notes\bootstrap\.boots-advanced.DELETE'
383 verbose stack     at moveAway (C:\Program Files\nodejs\node_modules\npm\lib\install\action\finalize.js:38:5)
383 verbose stack     at destStatted (C:\Program Files\nodejs\node_modules\npm\lib\install\action\finalize.js:27:7)
383 verbose stack     at FSReqWrap.oncomplete (fs.js:117:15)
383 verbose stack
383 verbose stack Error: EBUSY: resource busy or locked, rename 'D:\CODING\learn-notes\bootstrap\boots-advanced' -> 'D:\CODING\learn-notes\bootstrap\.boots-advanced.DELETE'
383 verbose stack     at Error (native)
384 verbose cwd D:\CODING\learn-notes\bootstrap\boots-advanced
385 error Windows_NT 10.0.10586
386 error argv "C:\\Program Files\\nodejs\\node.exe" "C:\\Program Files\\nodejs\\node_modules\\npm\\bin\\npm-cli.js" "install" "grunt-cli"
387 error node v6.0.0
388 error npm  v3.8.6
389 error path D:\CODING\learn-notes\bootstrap\boots-advanced
390 error code EBUSY
391 error errno -4082
392 error syscall rename
393 error EBUSY: resource busy or locked, rename 'D:\CODING\learn-notes\bootstrap\boots-advanced' -> 'D:\CODING\learn-notes\bootstrap\.boots-advanced.DELETE'
394 error If you need help, you may report this error at:
394 error     <https://github.com/npm/npm/issues>
395 verbose exit [ -4082, true ]
